<?xml version="1.0" encoding="utf-8"?><testsuite errors="0" failures="0" name="pytest" skipped="0" tests="0" time="61.704"><testcase time="32.956"></testcase></testsuite>