<?xml version="1.0" encoding="utf-8"?><testsuite errors="0" failures="0" name="pytest" skipped="0" tests="6" time="23.718"><testcase classname="test_case.test_crm_cust_manger.TestLogin" file="test_case/test_crm_cust_manger.py" line="25" name="test_login_success[高分云指导督导r-123456-账号错误-登录失败，账号不存在。]" time="2.752"></testcase><testcase classname="test_case.test_crm_cust_manger.TestLogin" file="test_case/test_crm_cust_manger.py" line="25" name="test_login_success[高分云指导督导1-1234567-密码错误-登录失败，密码错误。]" time="0.001"></testcase><testcase classname="test_case.test_crm_cust_manger.TestLogin" file="test_case/test_crm_cust_manger.py" line="25" name="test_login_success[-123456-账号为空-true]" time="0.002"></testcase><testcase classname="test_case.test_crm_cust_manger.TestLogin" file="test_case/test_crm_cust_manger.py" line="47" name="test_login_fail[高分云指导督导r-123456-账号错误-登录失败，账号不存在。]" time="3.292"></testcase><testcase classname="test_case.test_crm_cust_manger.TestLogin" file="test_case/test_crm_cust_manger.py" line="47" name="test_login_fail[高分云指导督导1-1234567-密码错误-登录失败，密码错误。]" time="1.636"></testcase><testcase classname="test_case.test_crm_cust_manger.TestLogin" file="test_case/test_crm_cust_manger.py" line="47" name="test_login_fail[-123456-账号为空-true]" time="0.130"></testcase></testsuite>