<?xml version="1.0" encoding="utf-8"?><testsuite errors="0" failures="1" name="pytest" skipped="0" tests="1" time="33.697"><testcase classname="test_dir.test_crm_cust_manger.TestLogin" file="test_dir/test_crm_cust_manger.py" line="21" name="test_login" time="22.937"><failure message="AssertionError: assert &apos;高分云指导督导1&apos; == &apos;高分云指导督导2&apos;
  - 高分云指导督导1
  ?        ^
  + 高分云指导督导2
  ?        ^">self = &lt;test_dir.test_crm_cust_manger.TestLogin object at 0x107eeafd0&gt;
crm_url = &apos;http://gaofenyun.com:8073/crm-web/login.html&apos;
browser1 = &lt;selenium.webdriver.chrome.webdriver.WebDriver (session=&quot;1048c41e709b780b7c398459eb31360b&quot;)&gt;
pass_word = &apos;123456&apos;, supervisor_account = &apos;高分云指导督导1&apos;

    def test_login(self, crm_url, browser1, pass_word, supervisor_account):
        &quot;&quot;&quot;
        测试登录
        @param crm_url:
        @param browser1:
        @param pass_word:
        @param supervisor_account:
        @return:
        &quot;&quot;&quot;
        page = GfyLogin(browser1)
        login(crm_url, browser1, supervisor_account, pass_word)
        PageWait(page.account_name)
&gt;       assert page.account_name.text == &quot;高分云指导督导2&quot;
E       AssertionError: assert &apos;高分云指导督导1&apos; == &apos;高分云指导督导2&apos;
E         - 高分云指导督导1
E         ?        ^
E         + 高分云指导督导2
E         ?        ^

test_dir/test_crm_cust_manger.py:34: AssertionError</failure></testcase></testsuite>