<?xml version="1.0" encoding="utf-8"?><testsuite errors="0" failures="0" name="pytest" skipped="0" tests="7" time="105.142"><testcase classname="test_case.test_crm_cust_manger.TestLogin" file="test_case/test_crm_cust_manger.py" line="28" name="test_login_success[高分云指导督导1-123456-登陆成功-高分云指导督导1]" time="26.966"></testcase><testcase classname="test_case.test_crm_cust_manger.TestLogin" file="test_case/test_crm_cust_manger.py" line="49" name="test_login_fail[账号错误-高分云指导督导r-123456-登录失败，账号不存在。]" time="2.015"></testcase><testcase classname="test_case.test_crm_cust_manger.TestLogin" file="test_case/test_crm_cust_manger.py" line="49" name="test_login_fail[密码错误-高分云指导督导1-1234567-登录失败，密码错误。]" time="1.661"></testcase><testcase classname="test_case.test_crm_cust_manger.TestLogin" file="test_case/test_crm_cust_manger.py" line="49" name="test_login_fail[账号或密码为空---true]" time="0.296"></testcase><testcase classname="test_case.test_crm_cust_manger.TestCustomerManagement" file="test_case/test_crm_cust_manger.py" line="83" name="test_add_customer_success[新招生创建客户成功-四基-新招生-高分云辅导督导1-123456-高分云信息单-13800138000-保存成功]" time="19.471"></testcase><testcase classname="test_case.test_crm_cust_manger.TestCustomerManagement" file="test_case/test_crm_cust_manger.py" line="83" name="test_add_customer_success[顾问转介绍创建客户成功-四基-转介绍-高分云辅导督导1-123456-顾问转介绍-13800138000-保存成功]" time="19.548"></testcase><testcase classname="test_case.test_crm_cust_manger.TestCustomerManagement" file="test_case/test_crm_cust_manger.py" line="134" name="test_split_customer_success[单个客户分单-四基-1-新招生-高分云信息单-13800138000-高分云辅导1-高分云辅导督导1-123456-保存成功]" time="23.869"></testcase></testsuite>