<?xml version="1.0" encoding="utf-8"?><testsuite errors="0" failures="0" name="pytest" skipped="0" tests="6" time="59.424"><testcase classname="test_case.test_crm_cust_manger.TestLogin" file="test_case/test_crm_cust_manger.py" line="24" name="test_login_success[高分云指导督导1-123456-登陆成功-高分云指导督导1]" time="13.703"></testcase><testcase classname="test_case.test_crm_cust_manger.TestLogin" file="test_case/test_crm_cust_manger.py" line="45" name="test_login_fail[账号错误-高分云指导督导r-123456-登录失败，账号不存在。]" time="1.716"></testcase><testcase classname="test_case.test_crm_cust_manger.TestLogin" file="test_case/test_crm_cust_manger.py" line="45" name="test_login_fail[密码错误-高分云指导督导1-1234567-登录失败，密码错误。]" time="1.638"></testcase><testcase classname="test_case.test_crm_cust_manger.TestLogin" file="test_case/test_crm_cust_manger.py" line="45" name="test_login_fail[账号或密码为空---true]" time="0.300"></testcase><testcase classname="test_case.test_crm_cust_manger.TestCustomerManagement" file="test_case/test_crm_cust_manger.py" line="79" name="test_add_customer_success[新招生-创建客户成功-新招生-高分云辅导督导1-123456-高分云信息单-保存成功]" time="19.628"></testcase><testcase classname="test_case.test_crm_cust_manger.TestCustomerManagement" file="test_case/test_crm_cust_manger.py" line="79" name="test_add_customer_success[顾问转介绍-创建客户成功-转介绍-高分云辅导督导1-123456-顾问转介绍-保存成功]" time="19.904"></testcase></testsuite>