<?xml version="1.0" encoding="utf-8"?><testsuite errors="0" failures="0" name="pytest" skipped="0" tests="4" time="25.299"><testcase classname="test_case.test_crm_cust_manger.TestLogin" file="test_case/test_crm_cust_manger.py" line="24" name="test_login_success[高分云指导督导1-123456-登陆成功-高分云指导督导1]" time="14.390"></testcase><testcase classname="test_case.test_crm_cust_manger.TestLogin" file="test_case/test_crm_cust_manger.py" line="45" name="test_login_fail[账号错误-高分云指导督导r-123456-登录失败，账号不存在。]" time="1.722"></testcase><testcase classname="test_case.test_crm_cust_manger.TestLogin" file="test_case/test_crm_cust_manger.py" line="45" name="test_login_fail[密码错误-高分云指导督导1-1234567-登录失败，密码错误。]" time="1.642"></testcase><testcase classname="test_case.test_crm_cust_manger.TestLogin" file="test_case/test_crm_cust_manger.py" line="45" name="test_login_fail[账号或密码为空---true]" time="0.235"></testcase></testsuite>