<?xml version="1.0" encoding="utf-8"?><testsuite errors="0" failures="1" name="pytest" skipped="0" tests="7" time="428.264"><testcase classname="test_dir.test_crm_cust_manger.TestLogin" file="test_dir/test_crm_cust_manger.py" line="472" name="test_login" time="13.430"></testcase><testcase classname="test_dir.test_crm_cust_manger.TestCustomerManagement" file="test_dir/test_crm_cust_manger.py" line="492" name="test_add_customer" time="23.357"></testcase><testcase classname="test_dir.test_crm_cust_manger.TestCustomerManagement" file="test_dir/test_crm_cust_manger.py" line="514" name="test_split_customer" time="30.773"></testcase><testcase classname="test_dir.test_crm_cust_manger.TestCustomerManagement" file="test_dir/test_crm_cust_manger.py" line="541" name="test_convert_student" time="33.915"></testcase><testcase classname="test_dir.test_crm_cust_manger.TestCustomerManagement" file="test_dir/test_crm_cust_manger.py" line="566" name="test_create_account" time="51.119"></testcase><testcase classname="test_dir.test_crm_cust_manger.TestCustomerManagement" file="test_dir/test_crm_cust_manger.py" line="603" name="test_customer_recovery" time="49.117"></testcase><testcase classname="test_dir.test_crm_cust_manger.TestCustomerAddOrder" file="test_dir/test_crm_cust_manger.py" line="660" name="test_add_new_order" time="179.055"><failure message="AttributeError: &apos;NoneType&apos; object has no attribute &apos;click&apos;">self = &lt;test_dir.test_crm_cust_manger.TestCustomerAddOrder object at 0x112785ad0&gt;
crm_url = &apos;http://gaofenyun.com:8073/crm-web/login.html&apos;
browser1 = &lt;selenium.webdriver.chrome.webdriver.WebDriver (session=&quot;ebdcc743bdd2e9e6953ee688c7c3f2c2&quot;)&gt;
adviser_name = &apos;辅导1&apos;, course = &apos;自动化专用语文培优次课&apos;, pass_word = &apos;123456&apos;
counseling_supervision_account = &apos;高分云辅导督导1&apos;, school_name = &apos;高分云&apos;, phone_number = &apos;13437829328&apos;
adviser_account = &apos;高分云辅导1&apos;

    def test_add_new_order(self, crm_url, browser1, adviser_name, course, pass_word, counseling_supervision_account,
                           school_name, phone_number, adviser_account):
        &quot;&quot;&quot;
        测试创建订单-新单招生
        :param crm_url:
        :param browser1:
        :param adviser_name:
        :param course:
        :param pass_word:
        :param counseling_supervision_account:
        :param school_name:
        :param phone_number:
        :param adviser_account:
        :return:
        &quot;&quot;&quot;
        order_page = GfyCustomerAddOrder(browser1)
        login(crm_url, browser1, counseling_supervision_account, pass_word)
        sleep(1)
        add_customer(browser1, new_customer_name_by_sql(), phone_number)
        sleep(1)
        split_customer(browser1, adviser_account)
        sleep(1)
&gt;       convert_student(browser1, school_name)

test_dir/test_crm_cust_manger.py:683: 
_ _ _ _ _ _ _ _ _ _ _ _ _ _ _ _ _ _ _ _ _ _ _ _ _ _ _ _ _ _ _ _ _ _ _ _ _ _ _ _ _ _ _ _ _ _ _ _ _ _ 

driver = &lt;selenium.webdriver.chrome.webdriver.WebDriver (session=&quot;ebdcc743bdd2e9e6953ee688c7c3f2c2&quot;)&gt;
school_name = &apos;高分云&apos;

    def convert_student(driver, school_name):
        &quot;&quot;&quot;
        单个客户转为学员
        :param driver:
        :param school_name:
        :return:
        &quot;&quot;&quot;
        page = GfyCrmCustomerManagement(driver)
        PageSelect(page.customer_list_school_list, text=school_name)
        sleep(1)
        page.convert_to_student.click()
        sleep(1)
&gt;       page.convert_confirm.click()
E       AttributeError: &apos;NoneType&apos; object has no attribute &apos;click&apos;

test_dir/test_crm_cust_manger.py:214: AttributeError</failure></testcase></testsuite>