<?xml version="1.0" encoding="utf-8"?><testsuite errors="0" failures="0" name="pytest" skipped="0" tests="4" time="24.885"><testcase classname="test_case.test_crm_cust_manger.TestLogin" file="test_case/test_crm_cust_manger.py" line="25" name="test_login_success[高分云指导督导1-123456-登陆成功-高分云指导督导1]" time="14.861"></testcase><testcase classname="test_case.test_crm_cust_manger.TestLogin" file="test_case/test_crm_cust_manger.py" line="47" name="test_login_fail[高分云指导督导r-123456-账号错误-登录失败，账号不存在。]" time="1.762"></testcase><testcase classname="test_case.test_crm_cust_manger.TestLogin" file="test_case/test_crm_cust_manger.py" line="47" name="test_login_fail[高分云指导督导1-1234567-密码错误-登录失败，密码错误。]" time="1.637"></testcase><testcase classname="test_case.test_crm_cust_manger.TestLogin" file="test_case/test_crm_cust_manger.py" line="47" name="test_login_fail[-123456-账号为空-true]" time="0.257"></testcase></testsuite>